"//StuHomeEven/HomeDrive0$/1800480/GitHub/CMP400/CMP400_Visualiser/Content/StarterContent/Textures/T_Bush_D.uasset" 0
"//StuHomeEven/HomeDrive0$/1800480/GitHub/CMP400/CMP400_Visualiser/Content/StarterContent/Textures/T_Bush_N.uasset" 1
"//StuHomeEven/HomeDrive0$/1800480/GitHub/CMP400/CMP400_Visualiser/Content/M_Bush.uasset" 2
"//StuHomeEven/HomeDrive0$/1800480/GitHub/CMP400/CMP400_Visualiser/Content/SM_Bush.uasset" 3
"//StuHomeEven/HomeDrive0$/1800480/GitHub/CMP400/CMP400_Visualiser/Content/Audio/Starter_Wind05.uasset" 4
"//StuHomeEven/HomeDrive0$/1800480/GitHub/CMP400/CMP400_Visualiser/Content/Audio/Starter_Wind06.uasset" 5
"//StuHomeEven/HomeDrive0$/1800480/GitHub/CMP400/CMP400_Visualiser/Content/Textures/test.uasset" 6
"//StuHomeEven/HomeDrive0$/1800480/GitHub/CMP400/CMP400_Visualiser/Content/Objects/grass/Base_Grass.uasset" 7
"//StuHomeEven/HomeDrive0$/1800480/GitHub/CMP400/CMP400_Visualiser/Content/Objects/grass/Base_Ddn.uasset" 8
"//StuHomeEven/HomeDrive0$/1800480/GitHub/CMP400/CMP400_Visualiser/Content/Objects/grass/Base_Alpha.uasset" 9
"../../../Engine/Content/Functions/Engine_MaterialFunctions02/Utility/MakeFloat3.uasset" 10
"//StuHomeEven/HomeDrive0$/1800480/GitHub/CMP400/CMP400_Visualiser/Content/Objects/grass/blinn1.uasset" 11
"//StuHomeEven/HomeDrive0$/1800480/GitHub/CMP400/CMP400_Visualiser/Content/Objects/grass/BasicGrass_02.uasset" 12
"//StuHomeEven/HomeDrive0$/1800480/GitHub/CMP400/CMP400_Visualiser/Content/Objects/grass/BasicGrass_01.uasset" 13
"//StuHomeEven/HomeDrive0$/1800480/GitHub/CMP400/CMP400_Visualiser/Content/Objects/grass/LandscapeGrass.uasset" 14
"../../../Engine/Content/Functions/Engine_MaterialFunctions01/Coordinates/WorldPosition-XY.uasset" 15
"//StuHomeEven/HomeDrive0$/1800480/GitHub/CMP400/CMP400_Visualiser/Content/Materials/grass_test.uasset" 16
"//StuHomeEven/HomeDrive0$/1800480/GitHub/CMP400/CMP400_Visualiser/Content/Textures/Heightmaps/sample_training_01.uasset" 17
"//StuHomeEven/HomeDrive0$/1800480/GitHub/CMP400/CMP400_Visualiser/Content/Textures/Heightmaps/heightmap_-1385.uasset" 18
"//StuHomeEven/HomeDrive0$/1800480/GitHub/CMP400/CMP400_Visualiser/Content/Textures/Environmental_Textures/snow.uasset" 19
"//StuHomeEven/HomeDrive0$/1800480/GitHub/CMP400/CMP400_Visualiser/Content/Textures/Environmental_Textures/Rocks007_1K_Displacement.uasset" 20
"//StuHomeEven/HomeDrive0$/1800480/GitHub/CMP400/CMP400_Visualiser/Content/Textures/Environmental_Textures/Rocks007_1K_Color.uasset" 21
"//StuHomeEven/HomeDrive0$/1800480/GitHub/CMP400/CMP400_Visualiser/Content/Textures/Environmental_Textures/rock.uasset" 22
"//StuHomeEven/HomeDrive0$/1800480/GitHub/CMP400/CMP400_Visualiser/Content/Textures/Environmental_Textures/grass.uasset" 23
"//StuHomeEven/HomeDrive0$/1800480/GitHub/CMP400/CMP400_Visualiser/Content/Textures/Environmental_Textures/alprock.uasset" 24
"../../../Engine/Content/EngineResources/DefaultTexture.uasset" 25
"//StuHomeEven/HomeDrive0$/1800480/GitHub/CMP400/CMP400_Visualiser/Content/Materials/TerrainParameterCollection.uasset" 26
"../../../Engine/Content/Functions/Engine_MaterialFunctions02/Utility/DynamicBranch.uasset" 27
"../../../Engine/Content/Functions/Engine_MaterialFunctions01/Gradient/LinearGradient.uasset" 28
"../../../Engine/Content/Functions/Engine_MaterialFunctions01/AlphaBlend/WorldAlignedBlend.uasset" 29
"../../../Engine/Content/Functions/Engine_MaterialFunctions02/Utility/BreakOutFloat3Components.uasset" 30
"../../../Engine/Content/Functions/Engine_MaterialFunctions01/ImageAdjustment/3ColorBlend.uasset" 31
"//StuHomeEven/HomeDrive0$/1800480/GitHub/CMP400/CMP400_Visualiser/Content/Materials/mfTopography.uasset" 32
"//StuHomeEven/HomeDrive0$/1800480/GitHub/CMP400/CMP400_Visualiser/Content/Textures/Environmental_Textures/T_Rock_Slate_N.uasset" 33
"//StuHomeEven/HomeDrive0$/1800480/GitHub/CMP400/CMP400_Visualiser/Content/Textures/Environmental_Textures/T_Rock_Slate_D.uasset" 34
"//StuHomeEven/HomeDrive0$/1800480/GitHub/CMP400/CMP400_Visualiser/Content/Textures/T_MacroVariation.uasset" 35
"//StuHomeEven/HomeDrive0$/1800480/GitHub/CMP400/CMP400_Visualiser/Content/StarterContent/Textures/T_Perlin_Noise_M.uasset" 36
"//StuHomeEven/HomeDrive0$/1800480/GitHub/CMP400/CMP400_Visualiser/Content/Materials/mfStonePBR.uasset" 37
"//StuHomeEven/HomeDrive0$/1800480/GitHub/CMP400/CMP400_Visualiser/Content/Materials/mfSlopeAspect.uasset" 38
"//StuHomeEven/HomeDrive0$/1800480/GitHub/CMP400/CMP400_Visualiser/Content/Textures/Environmental_Textures/T_Ground_Gravel_D.uasset" 39
"//StuHomeEven/HomeDrive0$/1800480/GitHub/CMP400/CMP400_Visualiser/Content/StarterContent/Textures/T_Ground_Gravel_N.uasset" 40
"//StuHomeEven/HomeDrive0$/1800480/GitHub/CMP400/CMP400_Visualiser/Content/Materials/mfGravelPBR.uasset" 41
"//StuHomeEven/HomeDrive0$/1800480/GitHub/CMP400/CMP400_Visualiser/Content/Textures/Environmental_Textures/T_Ground_Grass_N.uasset" 42
"//StuHomeEven/HomeDrive0$/1800480/GitHub/CMP400/CMP400_Visualiser/Content/Textures/Environmental_Textures/T_Ground_Grass_D.uasset" 43
"//StuHomeEven/HomeDrive0$/1800480/GitHub/CMP400/CMP400_Visualiser/Content/Materials/mfGrassPBR.uasset" 44
"//StuHomeEven/HomeDrive0$/1800480/GitHub/CMP400/CMP400_Visualiser/Content/Textures/Heightmaps/N46E009.uasset" 45
"../../../Engine/Content/Functions/Engine_MaterialFunctions03/Procedurals/NormalFromHeightmap.uasset" 46
"//StuHomeEven/HomeDrive0$/1800480/GitHub/CMP400/CMP400_Visualiser/Content/Materials/ApplyHeightmapTerrain.uasset" 47
"//StuHomeEven/HomeDrive0$/1800480/GitHub/CMP400/CMP400_Visualiser/Content/Materials/mTextureTerrain.uasset" 48
"//StuHomeEven/HomeDrive0$/1800480/GitHub/CMP400/CMP400_Visualiser/Content/Materials/mInstAutoTextureTerrain.uasset" 49
"//StuHomeEven/HomeDrive0$/1800480/GitHub/CMP400/CMP400_Visualiser/Content/Materials/mAutoTextureTerrain_Inst.uasset" 50
"//StuHomeEven/HomeDrive0$/1800480/GitHub/CMP400/CMP400_Visualiser/Content/StarterContent/Textures/T_Rock_Basalt_N.uasset" 51
"//StuHomeEven/HomeDrive0$/1800480/GitHub/CMP400/CMP400_Visualiser/Content/StarterContent/Textures/T_Rock_Basalt_D.uasset" 52
"//StuHomeEven/HomeDrive0$/1800480/GitHub/CMP400/CMP400_Visualiser/Content/Materials/M_Rock_Basalt.uasset" 53
"../../../Engine/Content/EngineMaterials/T_Default_Material_Grid_N.uasset" 54
"../../../Engine/Content/EngineMaterials/T_Default_Material_Grid_M.uasset" 55
"../../../Engine/Content/Functions/Engine_MaterialFunctions01/Opacity/CameraDepthFade.uasset" 56
"../../../Engine/Content/EngineMaterials/WorldGridMaterial.uasset" 57
"//StuHomeEven/HomeDrive0$/1800480/GitHub/CMP400/CMP400_Visualiser/Content/Objects/256x256_plane.uasset" 58
"//StuHomeEven/HomeDrive0$/1800480/GitHub/CMP400/CMP400_Visualiser/Content/Objects/256x256_plane_v2.uasset" 59
"//StuHomeEven/HomeDrive0$/1800480/GitHub/CMP400/CMP400_Visualiser/Content/Objects/grass/5_2.uasset" 60
"//StuHomeEven/HomeDrive0$/1800480/GitHub/CMP400/CMP400_Visualiser/Content/Objects/grass/Material_49.uasset" 61
"//StuHomeEven/HomeDrive0$/1800480/GitHub/CMP400/CMP400_Visualiser/Content/Objects/grass/grass.uasset" 62
"//StuHomeEven/HomeDrive0$/1800480/GitHub/CMP400/CMP400_Visualiser/Content/Textures/vegetation_grass_card_03.uasset" 63
"//StuHomeEven/HomeDrive0$/1800480/GitHub/CMP400/CMP400_Visualiser/Content/Objects/grass/grass_mesh.uasset" 64
"//StuHomeEven/HomeDrive0$/1800480/GitHub/CMP400/CMP400_Visualiser/Content/StarterContent/Textures/T_Concrete_Grime_D.uasset" 65
"//StuHomeEven/HomeDrive0$/1800480/GitHub/CMP400/CMP400_Visualiser/Content/StarterContent/Textures/T_Concrete_Panels_D.uasset" 66
"//StuHomeEven/HomeDrive0$/1800480/GitHub/CMP400/CMP400_Visualiser/Content/StarterContent/Textures/T_Concrete_Panels_N.uasset" 67
"//StuHomeEven/HomeDrive0$/1800480/GitHub/CMP400/CMP400_Visualiser/Content/StarterContent/Textures/T_Concrete_Poured_D.uasset" 68
"//StuHomeEven/HomeDrive0$/1800480/GitHub/CMP400/CMP400_Visualiser/Content/StarterContent/Textures/T_Concrete_Poured_N.uasset" 69
"//StuHomeEven/HomeDrive0$/1800480/GitHub/CMP400/CMP400_Visualiser/Content/StarterContent/Textures/T_Concrete_Tiles_D.uasset" 70
"//StuHomeEven/HomeDrive0$/1800480/GitHub/CMP400/CMP400_Visualiser/Content/StarterContent/Textures/T_Concrete_Tiles_M.uasset" 71
"//StuHomeEven/HomeDrive0$/1800480/GitHub/CMP400/CMP400_Visualiser/Content/StarterContent/Textures/T_Concrete_Tiles_N.uasset" 72
"//StuHomeEven/HomeDrive0$/1800480/GitHub/CMP400/CMP400_Visualiser/Content/StarterContent/Textures/T_Concrete_Tiles_Variation_M.uasset" 73
"//StuHomeEven/HomeDrive0$/1800480/GitHub/CMP400/CMP400_Visualiser/Content/StarterContent/Textures/T_Detail_Rocky_N.uasset" 74
"//StuHomeEven/HomeDrive0$/1800480/GitHub/CMP400/CMP400_Visualiser/Content/StarterContent/Textures/T_ground_Moss_D.uasset" 75
"//StuHomeEven/HomeDrive0$/1800480/GitHub/CMP400/CMP400_Visualiser/Content/StarterContent/Textures/T_Ground_Moss_N.uasset" 76
"//StuHomeEven/HomeDrive0$/1800480/GitHub/CMP400/CMP400_Visualiser/Content/StarterContent/Textures/T_Rock_Marble_Polished_D.uasset" 77
"//StuHomeEven/HomeDrive0$/1800480/GitHub/CMP400/CMP400_Visualiser/Content/StarterContent/Textures/T_Rock_Smooth_Granite_D.uasset" 78
"//StuHomeEven/HomeDrive0$/1800480/GitHub/CMP400/CMP400_Visualiser/Content/StarterContent/Textures/T_Water_M.uasset" 79
"//StuHomeEven/HomeDrive0$/1800480/GitHub/CMP400/CMP400_Visualiser/Content/StarterContent/Textures/T_Water_N.uasset" 80
"//StuHomeEven/HomeDrive0$/1800480/GitHub/CMP400/CMP400_Visualiser/Content/Textures/alprock.uasset" 81
"//StuHomeEven/HomeDrive0$/1800480/GitHub/CMP400/CMP400_Visualiser/Content/Textures/grass.uasset" 82
"//StuHomeEven/HomeDrive0$/1800480/GitHub/CMP400/CMP400_Visualiser/Content/Textures/N46E009.uasset" 83
"//StuHomeEven/HomeDrive0$/1800480/GitHub/CMP400/CMP400_Visualiser/Content/Textures/rock.uasset" 84
"//StuHomeEven/HomeDrive0$/1800480/GitHub/CMP400/CMP400_Visualiser/Content/Textures/Rocks007_1K_Color.uasset" 85
"//StuHomeEven/HomeDrive0$/1800480/GitHub/CMP400/CMP400_Visualiser/Content/Textures/Rocks007_1K_Displacement.uasset" 86
"//StuHomeEven/HomeDrive0$/1800480/GitHub/CMP400/CMP400_Visualiser/Content/Textures/snow.uasset" 87
"//StuHomeEven/HomeDrive0$/1800480/GitHub/CMP400/CMP400_Visualiser/Content/Textures/Environmental_Textures/Rocks007_1K_NormalGL.uasset" 88
"//StuHomeEven/HomeDrive0$/1800480/GitHub/CMP400/CMP400_Visualiser/Content/Textures/Environmental_Textures/Rocks007_1K_Roughness.uasset" 89
"//StuHomeEven/HomeDrive0$/1800480/GitHub/CMP400/CMP400_Visualiser/Content/Textures/Heightmaps/240x240_input__01_.uasset" 90
"//StuHomeEven/HomeDrive0$/1800480/GitHub/CMP400/CMP400_Visualiser/Content/Textures/Heightmaps/Figure_A.uasset" 91
"//StuHomeEven/HomeDrive0$/1800480/GitHub/CMP400/CMP400_Visualiser/Content/Textures/Heightmaps/generated_B.uasset" 92
"//StuHomeEven/HomeDrive0$/1800480/GitHub/CMP400/CMP400_Visualiser/Content/Textures/Heightmaps/generated_v09_001.uasset" 93
"//StuHomeEven/HomeDrive0$/1800480/GitHub/CMP400/CMP400_Visualiser/Content/Textures/Heightmaps/N57W003.uasset" 94
"../../../Engine/Content/ArtTools/RenderToTexture/Meshes/S_1_Unit_Plane.uasset" 95
"../../../Engine/Content/EngineMaterials/DefaultMaterial.uasset" 96
"../../../Engine/Content/BasicShapes/Cone.uasset" 97
"../../../Engine/Content/BasicShapes/Cube.uasset" 98
"../../../Engine/Content/BasicShapes/Plane.uasset" 99
"../../../Engine/Content/BasicShapes/Sphere.uasset" 100
"../../../Engine/Content/EditorLandscapeResources/DataLayer.uasset" 101
"../../../Engine/Content/EditorLandscapeResources/DefaultAlphaTexture.uasset" 102
"../../../Engine/Content/EditorMaterials/MAT_Groups_Toggle.uasset" 103
"../../../Engine/Content/EditorMaterials/MAT_Groups_Visibility.uasset" 104
"../../../Engine/Content/EditorMaterials/PreviewShadowIndicator.uasset" 105
"../../../Engine/Content/EditorMaterials/PreviewShadowIndicatorMaterial.uasset" 106
"../../../Engine/Content/EditorMaterials/MatineeGroups/MAT_ColorTrack.uasset" 107
"../../../Engine/Content/EditorMaterials/MatineeGroups/MAT_Groups_Anim.uasset" 108
"../../../Engine/Content/EditorMaterials/MatineeGroups/MAT_Groups_AudioMaster.uasset" 109
"../../../Engine/Content/EditorMaterials/MatineeGroups/MAT_Groups_Director.uasset" 110
"../../../Engine/Content/EditorMaterials/MatineeGroups/MAT_Groups_Event.uasset" 111
"../../../Engine/Content/EditorMaterials/MatineeGroups/MAT_Groups_Fade.uasset" 112
"../../../Engine/Content/EditorMaterials/MatineeGroups/MAT_Groups_Float.uasset" 113
"../../../Engine/Content/EditorMaterials/MatineeGroups/MAT_Groups_Move.uasset" 114
"../../../Engine/Content/EditorMaterials/MatineeGroups/MAT_Groups_Slomo.uasset" 115
"../../../Engine/Content/EditorMaterials/MatineeGroups/MAT_Groups_Sound.uasset" 116
"../../../Engine/Content/EditorMaterials/MatineeGroups/MAT_Groups_Vector.uasset" 117
"../../../Engine/Content/EditorMaterials/ParticleSystems/PSysThumbnail_NoImage.uasset" 118
"../../../Engine/Content/EditorMaterials/ParticleSystems/PSysThumbnail_OOD.uasset" 119
"../../../Engine/Content/EditorMaterials/Camera/CineMat.uasset" 120
"../../../Engine/Content/EditorMaterials/Camera/MI_CineMat_Rig.uasset" 121
"../../../Engine/Content/EditorMeshes/Camera/SM_CraneRig_Arm.uasset" 122
"../../../Engine/Content/EditorMeshes/Camera/SM_CraneRig_Base.uasset" 123
"../../../Engine/Content/EditorMeshes/Camera/SM_CraneRig_Body.uasset" 124
"../../../Engine/Content/EditorMeshes/Camera/SM_CraneRig_Mount.uasset" 125
"../../../Engine/Content/EditorMeshes/Camera/SM_RailRig_Mount.uasset" 126
"../../../Engine/Content/EditorMeshes/Camera/SM_RailRig_Track.uasset" 127
"../../../Engine/Content/EditorResources/BSPVertex.uasset" 128
"../../../Engine/Content/EditorResources/EmptyActor.uasset" 129
"../../../Engine/Content/EditorResources/S_Actor.uasset" 130
"../../../Engine/Content/EditorResources/S_Note.uasset" 131
"../../../Engine/Content/EditorResources/S_Solver.uasset" 132
"../../../Engine/Content/EditorResources/S_Terrain.uasset" 133
"../../../Engine/Content/EditorResources/S_Trigger.uasset" 134
"../../../Engine/Content/EditorResources/LightIcons/S_LightError.uasset" 135
"../../../Engine/Content/EditorResources/SequenceRecorder/Countdown.uasset" 136
"../../../Engine/Content/EditorResources/SequenceRecorder/RecordingIndicator.uasset" 137
"../../../Engine/Content/EngineDamageTypes/DmgTypeBP_Environmental.uasset" 138
"../../../Engine/Content/EngineDebugMaterials/DebugEditorMaterial.uasset" 139
"../../../Engine/Content/EngineDebugMaterials/DebugMeshMaterial.uasset" 140
"../../../Engine/Content/EngineDebugMaterials/M_SimpleUnlitTranslucent.uasset" 141
"../../../Engine/Content/EngineDebugMaterials/VolumeToRender.uasset" 142
"../../../Engine/Content/Functions/Engine_MaterialFunctions02/Utility/CameraDirectionVector.uasset" 143
"../../../Engine/Content/EngineDebugMaterials/M_VolumeRenderSphereTracePP.uasset" 144
"../../../Engine/Content/Functions/Engine_MaterialFunctions01/Shading/ConvertFromDiffSpec.uasset" 145
"../../../Engine/Content/EngineDebugMaterials/VertexColorMaterial.uasset" 146
"../../../Engine/Content/EngineDebugMaterials/WireframeMaterial.uasset" 147
"../../../Engine/Content/EngineFonts/Faces/RobotoLight.uasset" 148
"../../../Engine/Content/EngineFonts/Faces/RobotoItalic.uasset" 149
"../../../Engine/Content/EngineFonts/Faces/RobotoBoldItalic.uasset" 150
"../../../Engine/Content/EngineFonts/Faces/RobotoBold.uasset" 151
"../../../Engine/Content/EngineFonts/Faces/DroidSansFallback.uasset" 152
"../../../Engine/Content/EngineFonts/Faces/RobotoRegular.uasset" 153
"../../../Engine/Content/EngineFonts/Roboto.uasset" 154
"../../../Engine/Content/EngineLightProfiles/180Degree_IES.uasset" 155
"../../../Engine/Content/EngineMaterials/BaseFlattenNormalMap.uasset" 156
"../../../Engine/Content/EngineMaterials/BaseFlattenGrayscaleMap.uasset" 157
"../../../Engine/Content/EngineMaterials/BaseFlattenEmissiveMap.uasset" 158
"../../../Engine/Content/EngineMaterials/BaseFlattenDiffuseMap.uasset" 159
"../../../Engine/Content/EngineMaterials/BaseFlattenMaterial.uasset" 160
"../../../Engine/Content/EngineMaterials/BlueNoise.uasset" 161
"../../../Engine/Content/EngineMaterials/DefaultBloomKernel.uasset" 162
"../../../Engine/Content/EngineMaterials/DefaultBokeh.uasset" 163
"../../../Engine/Content/EngineMaterials/DefaultDiffuse.uasset" 164
"../../../Engine/Content/EngineMaterials/DefaultDeferredDecalMaterial.uasset" 165
"../../../Engine/Content/EngineMaterials/DefaultLightFunctionMaterial.uasset" 166
"../../../Engine/Content/Functions/Engine_MaterialFunctions02/Utility/BreakOutFloat2Components.uasset" 167
"../../../Engine/Content/EngineMaterials/DefaultPostProcessMaterial.uasset" 168
"../../../Engine/Content/EngineFonts/RobotoDistanceField.uasset" 169
"../../../Engine/Content/EngineMaterials/DefaultTextMaterialOpaque.uasset" 170
"../../../Engine/Content/EngineMaterials/DefaultWhiteGrid.uasset" 171
"../../../Engine/Content/EngineMaterials/DefaultWhiteGrid_Low.uasset" 172
"../../../Engine/Content/EngineMaterials/EmissiveMeshMaterial.uasset" 173
"../../../Engine/Content/EngineMaterials/GizmoMaterial.uasset" 174
"../../../Engine/Content/EngineMaterials/Good64x64TilingNoiseHighFreq.uasset" 175
"../../../Engine/Content/EngineMaterials/MiniFont.uasset" 176
"../../../Engine/Content/EngineMaterials/InvalidLightmapSettings.uasset" 177
"../../../Engine/Content/EngineMaterials/M_InvalidLightmapSettings.uasset" 178
"../../../Engine/Content/Functions/Engine_MaterialFunctions02/WorldPositionOffset/CameraOffset.uasset" 179
"../../../Engine/Content/EngineMaterials/PhAT_JointLimitMaterial.uasset" 180
"../../../Engine/Content/EngineMaterials/PreintegratedSkinBRDF.uasset" 181
"../../../Engine/Content/EngineMaterials/RemoveSurfaceMaterial.uasset" 182
"../../../Engine/Content/EngineMaterials/WeightMapPlaceholderTexture.uasset" 183
"../../../Engine/Content/EngineResources/WhiteSquareTexture.uasset" 184
"../../../Engine/Content/EngineMaterials/Widget3DPassThrough.uasset" 185
"../../../Engine/Content/EngineMaterials/Widget3DPassThrough_Masked.uasset" 186
"../../../Engine/Content/EngineMaterials/Widget3DPassThrough_Opaque.uasset" 187
"../../../Engine/Content/EngineMaterials/Widget3DPassThrough_Masked_OneSided.uasset" 188
"../../../Engine/Content/EngineMaterials/Widget3DPassThrough_Opaque_OneSided.uasset" 189
"../../../Engine/Content/EngineMaterials/Widget3DPassThrough_Translucent.uasset" 190
"../../../Engine/Content/EngineMaterials/Widget3DPassThrough_Translucent_OneSided.uasset" 191
"../../../Engine/Content/EngineMeshes/Cylinder.uasset" 192
"../../../Engine/Content/EngineMeshes/Sphere.uasset" 193
"../../../Engine/Content/EngineResources/Black.uasset" 194
"../../../Engine/Content/EngineResources/DefaultTextureCube.uasset" 195
"../../../Engine/Content/EngineResources/DefaultVolumeTexture2D.uasset" 196
"../../../Engine/Content/EngineResources/DefaultVolumeTexture.uasset" 197
"../../../Engine/Content/EngineResources/GradientTexture0.uasset" 198
"../../../Engine/Content/EngineSky/VolumetricClouds/T_NoiseShape64.uasset" 199
"../../../Engine/Content/EngineSky/VolumetricClouds/T_VolumeNoiseShape64.uasset" 200
"../../../Engine/Content/EngineSky/VolumetricClouds/T_NoiseErosion.uasset" 201
"../../../Engine/Content/EngineSky/VolumetricClouds/T_VolumeNoiseErosion32.uasset" 202
"../../../Engine/Content/EngineSky/VolumetricClouds/CloudWeatherTexture.uasset" 203
"../../../Engine/Content/EngineSky/VolumetricClouds/CloudGradientTexture.uasset" 204
"../../../Engine/Content/Functions/Engine_MaterialFunctions02/Utility/MakeFloat2.uasset" 205
"../../../Engine/Content/EngineSky/VolumetricClouds/m_SimpleVolumetricCloud.uasset" 206
"../../../Engine/Content/EngineSky/VolumetricClouds/m_SimpleVolumetricCloud_Inst.uasset" 207
"../../../Engine/Content/EngineSounds/Master.uasset" 208
"../../../Engine/Content/Functions/Engine_MaterialFunctions01/Shading/PowerToRoughness.uasset" 209
"../../../Engine/Content/Maps/Templates/Thumbnails/Default.uasset" 210
"../../../Engine/Content/Maps/Templates/Thumbnails/TimeOfDay.uasset" 211
"../../../Engine/Content/Maps/Templates/Thumbnails/VR-Basic.uasset" 212
"../../../Engine/Content/MobileResources/T_MobileControls_texture.uasset" 213
"../../../Engine/Content/MobileResources/T_MobileMenu2.uasset" 214
"../../../Engine/Content/MobileResources/HUD/AnalogHat.uasset" 215
"../../../Engine/Content/MobileResources/HUD/VirtualJoystick_Thumb.uasset" 216
"../../../Engine/Content/MobileResources/HUD/VirtualJoystick_Background.uasset" 217
"../../../Engine/Content/MobileResources/HUD/DefaultVirtualJoysticks.uasset" 218
"../../../Engine/Content/MobileResources/HUD/LeftVirtualJoystickOnly.uasset" 219
"../../../Engine/Content/MobileResources/HUD/MobileHUDButton1_off.uasset" 220
"../../../Engine/Content/MobileResources/HUD/MobileHUDButton1_on.uasset" 221
"../../../Engine/Content/MobileResources/HUD/MobileHUDButton2_off.uasset" 222
"../../../Engine/Content/MobileResources/HUD/MobileHUDButton2_on.uasset" 223
"../../../Engine/Content/MobileResources/HUD/MobileHUDButton3.uasset" 224
"../../../Engine/Content/MobileResources/HUD/MobileHUDButtonFire.uasset" 225
"../../../Engine/Content/MobileResources/HUD/MobileHUDDirectionPad.uasset" 226
"../../../Engine/Content/MobileResources/HUD/MobileHUDDirectionPad2.uasset" 227
"../../../Engine/Content/MobileResources/HUD/MobileHUDDirectionPad3.uasset" 228
"../../../Engine/Content/MobileResources/HUD/MobileHUDDirectionStick.uasset" 229
"../../../Engine/Content/MobileResources/HUD/T_Castle_ThumbstickInner.uasset" 230
"../../../Engine/Content/MobileResources/HUD/T_Castle_ThumbstickOutter.uasset" 231
"../../../Engine/Content/Tutorial/ContentIntroCurve.uasset" 232
"../../../Engine/Content/VREditor/TransformGizmo/TranslucentTransformGizmoMaterial.uasset" 233
"../../../Engine/Content/VREditor/LaserPointer/VR_LaserPower_01.uasset" 234
"../../../Engine/Content/VREditor/TransformGizmo/TransformGizmoMaterial.uasset" 235
"../../../Engine/Content/VREditor/TransformGizmo/BoundingBoxCorner.uasset" 236
"../../../Engine/Content/VREditor/TransformGizmo/BoundingBoxEdge.uasset" 237
"../../../Engine/Content/VREditor/TransformGizmo/PlaneTranslationHandle.uasset" 238
"../../../Engine/Content/VREditor/TransformGizmo/Xray.uasset" 239
"../../../Engine/Content/VREditor/TransformGizmo/Main.uasset" 240
"../../../Engine/Content/VREditor/TransformGizmo/SM_Sequencer_Key.uasset" 241
"../../../Engine/Content/VREditor/TransformGizmo/SM_Sequencer_Node.uasset" 242
"../../Plugins/2D/Paper2D/Content/PlaceholderTextures/DummySpriteTexture.uasset" 243
"../../Plugins/2D/Paper2D/Content/DummySprite.uasset" 244
"../../Plugins/2D/Paper2D/Content/DefaultPaperTerrainMaterial.uasset" 245
"../../Plugins/2D/Paper2D/Content/DefaultSpriteMaterial.uasset" 246
"../../Plugins/2D/Paper2D/Content/MaskedUnlitSpriteMaterial.uasset" 247
"../../Plugins/2D/Paper2D/Content/OpaqueUnlitSpriteMaterial.uasset" 248
"../../Plugins/Editor/SpeedTreeImporter/Content/SpeedTree9/UnpackInteger3.uasset" 249
"../../Plugins/Editor/SpeedTreeImporter/Content/SpeedTree9/UnpackDirection.uasset" 250
"../../Plugins/Editor/SpeedTreeImporter/Content/SpeedTree9/game_wind_noise.uasset" 251
"../../../Engine/Content/Functions/Engine_MaterialFunctions02/SafeNormalize.uasset" 252
"../../Plugins/Editor/SpeedTreeImporter/Content/SpeedTree9/SpeedTreeWindMotion.uasset" 253
"../../Plugins/Editor/SpeedTreeImporter/Content/SpeedTree9/SpeedTreeBranchMotion.uasset" 254
"../../../Engine/Content/Functions/Engine_MaterialFunctions02/ObjectLocalBounds.uasset" 255
"../../../Engine/Content/Functions/Engine_MaterialFunctions02/UVs/BoundingBoxBased_0-1_UVW.uasset" 256
"../../Plugins/Editor/SpeedTreeImporter/Content/SpeedTree9/SpeedTreeWind.uasset" 257
"../../Plugins/Editor/SpeedTreeImporter/Content/SpeedTree9/SpeedTreeBillboard.uasset" 258
"../../Plugins/Editor/SpeedTreeImporter/Content/SpeedTree9/SpeedTreeBillboardMaster.uasset" 259
"../../Plugins/Editor/SpeedTreeImporter/Content/SpeedTree9/SpeedTreeCameraFacing.uasset" 260
"../../Plugins/Editor/SpeedTreeImporter/Content/SpeedTree9/SpeedTreeMaster.uasset" 261
"../../../Engine/Content/BasicShapes/Cylinder.uasset" 262
"../../../Engine/Content/ArtTools/RenderToTexture/Materials/Debug/M_Emissive_Color.uasset" 263
"../../Plugins/Lumin/MagicLeapPassableWorld/Content/MagicLeapARPinInfoActor.uasset" 264
"../../../Engine/Content/Functions/Engine_MaterialFunctions02/Utility/BreakOutFloat4Components.uasset" 265
"../../Plugins/Runtime/Oculus/OculusVR/Content/Materials/OculusMR_ChromaKey.uasset" 266
"../../Plugins/Runtime/Oculus/OculusVR/Content/Materials/OculusMR_OpaqueColoredMaterial.uasset" 267
"../../Plugins/Runtime/Oculus/OculusVR/Content/Materials/PokeAHoleMaterial.uasset" 268
"../../../Engine/Content/EngineSky/T_Sky_Stars.uasset" 269
"../../../Engine/Content/EngineSky/T_Sky_Clouds_M.uasset" 270
"../../../Engine/Content/EngineSky/T_Sky_Blue.uasset" 271
"../../../Engine/Content/EngineMaterials/DefaultPhysicalMaterial.uasset" 272
"../../../Engine/Content/EngineSky/M_Sky_Panning_Clouds2.uasset" 273
"//StuHomeEven/HomeDrive0$/1800480/GitHub/CMP400/CMP400_Visualiser/Content/Visualiser_LevelBP_BuiltData.uasset" 274
"../../../Engine/Content/EngineSky/SM_SkySphere.uasset" 275
"../../../Engine/Content/EngineSky/C_Sky_Zenith_Color.uasset" 276
"../../../Engine/Content/EngineSky/C_Sky_Horizon_Color.uasset" 277
"../../../Engine/Content/EngineSky/C_Sky_Cloud_Color.uasset" 278
"../../../Engine/Content/EditorBlueprintResources/StandardMacros.uasset" 279
"../../../Engine/Content/EngineSky/BP_Sky_Sphere.uasset" 280
"//StuHomeEven/HomeDrive0$/1800480/GitHub/CMP400/CMP400_Visualiser/Content/Textures/Heightmaps/generated_A.uasset" 281
"//StuHomeEven/HomeDrive0$/1800480/GitHub/CMP400/CMP400_Visualiser/Content/Textures/Heightmaps/generated002.uasset" 282
"//StuHomeEven/HomeDrive0$/1800480/GitHub/CMP400/CMP400_Visualiser/Content/StarterContent/Textures/T_Rock_Sandstone_N.uasset" 283
"//StuHomeEven/HomeDrive0$/1800480/GitHub/CMP400/CMP400_Visualiser/Content/StarterContent/Textures/T_Rock_Sandstone_D.uasset" 284
"//StuHomeEven/HomeDrive0$/1800480/GitHub/CMP400/CMP400_Visualiser/Content/Materials/M_Rock_Sandstone.uasset" 285
"//StuHomeEven/HomeDrive0$/1800480/GitHub/CMP400/CMP400_Visualiser/Content/UI/VisualiserUI.uasset" 286
"//StuHomeEven/HomeDrive0$/1800480/GitHub/CMP400/CMP400_Visualiser/Content/Visualiser_LevelBP.umap" 287
"../../../Engine/Content/Maps/Entry_BuiltData.uasset" 288
"../../../Engine/Content/Maps/Entry.umap" 289
